POST
Array
(
    [param1] => value1
    [param2] => value2
)

POST
Array
(
    [param1] => value1
    [param2] => value2
)

POST
Array
(
    [param1] => value1
    [param2] => value2
)

GET
Array
(
)

GET
Array
(
)

GET
Array
(
)

GET
Array
(
)

GET
Array
(
)

GET
Array
(
)

GET
Array
(
)

GET
Array
(
)

GET
Array
(
)

POST
Array
(
    [key1] => value1
    [key2] => value2
)

POST
Array
(
    [key1] => value1
    [key2] => value2
)

GET
Array
(
)

POST
Array
(
    [key1] => value1
    [key2] => value2
)

POST
Array
(
)

POST
Array
(
)

POST
Array
(
)

POST
Array
(
)

POST
Array
(
)

POST
Array
(
)

POST
Array
(
)

POST
Array
(
)

POST
Array
(
)

POST
Array
(
)

POST
Array
(
)

POST
Array
(
)

POST
Array
(
)

POST
Array
(
)

POST
Array
(
)

POST
Array
(
)

GET
Array
(
)

GET
Array
(
)

GET
Array
(
)

GET
Array
(
)

GET
Array
(
)

POST
{"api_key":"your_api_key","param1":"value1","param2":"value2"}
POST
{"api_key":"your_api_key","param1":"value1","param2":"value2"}
POST
{"api_key":"your_api_key","param1":"value1","param2":"value2"}
GET

GET

GET

GET

GET

GET

GET

GET

GET

GET

GET

GET

GET

POST
{"api_key":"your_api_key","param1":"value1","param2":"value2"}
POST
{"api_key":"your_api_key","param1":"value1","param2":"value2"}
GET

GET

POST
GET
GET
GET
GET
GET
POST
POST
POST
GET
GET
GET
GET
GET
GET
GET
GET
GET
GET
POST
Received GET request with param1: value1, param2: value2
Received GET request with param1: , param2: 
Received GET request with param1: , param2: 
Received GET request with param1: , param2: 
Received GET request with param1: , param2: 
Received GET request with param1: , param2: 
null GET request with param1: value1, param2: value2
null GET request with param1: value1, param2: value2
null GET request with param1: value1, param2: value2
null GET request with param1: , param2: 
null GET request with param1: , param2: 
null GET request with param1: , param2: 
null GET request with param1: value1, param2: value2
null GET request with param1: value1, param2: value2
